[INFO IFP-0001] Added 2197 rows of 9541 site unithd.
[INFO IFP-0030] Inserted 0 tiecells using sky130_fd_sc_hd__conb_1/LO.
[INFO IFP-0030] Inserted 0 tiecells using sky130_fd_sc_hd__conb_1/HI.
[INFO] Extracting DIE_AREA and CORE_AREA from the floorplan
[INFO] Floorplanned on a die area of 0.0 0.0 4400.0 6000.0 (µm).
[INFO] Floorplanned on a core area of 5.52 10.88 4394.38 5986.72 (µm).
Writing metric design__die__bbox: 0.0 0.0 4400.0 6000.0
Writing metric design__core__bbox: 5.52 10.88 4394.38 5986.72
Setting global connections for newly added cells…
[INFO] Setting global connections...
[16:41:20] ERROR    No match found for regular expression 'mprj' defined in PDN_MACRO_CONNECTIONS.                                                      openroad.py:233
Classic - Stage 13 - Floorplan Init ━━━━━━╺━━━━━━━━━━━━━━━━━━━━━━━━━━━━━━━━━ 12/78 0:00:36
[16:41:20] WARNING  The following warnings were generated by the flow:                                                                                      flow.py:673
[16:41:20] WARNING  [Checker.LintWarnings] 601 Lint warnings found.                                                                                         flow.py:675
[16:41:20] WARNING  [OpenROAD.CheckSDCFiles] 'PNR_SDC_FILE' is not defined. Using generic fallback SDC for OpenROAD PnR steps.                              flow.py:675
[16:41:20] WARNING  [OpenROAD.CheckSDCFiles] 'SIGNOFF_SDC_FILE' is not defined. Using generic fallback SDC for OpenROAD PnR steps.                          flow.py:675
[16:41:20] WARNING  [OpenROAD.Floorplan] [STA-1140] /home/ultralab/shtp/by_kim/openlane/designs/picosoc/macros/tinyjambu_core__nom_tt_025C_1v80.lib line 1, flow.py:675
                    library tinyjambu_core already exists. (and 3 similar warnings)
[16:41:20] ERROR    The following error was encountered while running the flow:                                                                         __main__.py:187
                    OpenROAD.Floorplan failed with the following errors:
                    No match found for regular expression 'mprj' defined in PDN_MACRO_CONNECTIONS.
[16:41:20] ERROR    OpenLane will now quit.                                                                                                             __main__.py:188
[nix-shell:~/shtp/by_kim/openlane/designs/picosoc]$ tmux capture-pane -p > error.log

